<?xml version="1.0" encoding="UTF-8"?>
<testng-results ignored="0" total="1" passed="1" failed="0" skipped="0">
  <reporter-output>
  </reporter-output>
  <suite started-at="2022-02-11T23:55:00 IST" name="Default suite" finished-at="2022-02-11T23:55:04 IST" duration-ms="4395">
    <groups>
    </groups>
    <test started-at="2022-02-11T23:55:00 IST" name="Default test" finished-at="2022-02-11T23:55:04 IST" duration-ms="4395">
      <class name="request_chainning.Resquestchain">
        <test-method signature="requestchain()[pri:0, instance:request_chainning.Resquestchain@41e1e210]" started-at="2022-02-11T23:55:00 IST" name="requestchain" finished-at="2022-02-11T23:55:04 IST" duration-ms="4282" status="PASS">
          <reporter-output>
          </reporter-output>
        </test-method> <!-- requestchain -->
      </class> <!-- request_chainning.Resquestchain -->
    </test> <!-- Default test -->
  </suite> <!-- Default suite -->
</testng-results>
